<?xml version="1.0" encoding="UTF-8"?>
<testsuite xmlns:xsi="http://www.w3.org/2001/XMLSchema-instance" xsi:noNamespaceSchemaLocation="https://maven.apache.org/surefire/maven-surefire-plugin/xsd/surefire-test-report-3.0.xsd" version="3.0" name="com.formily.service.SchemaServiceDataStorageTest" time="0.123" tests="4" errors="0" skipped="0" failures="0">
  <properties>
[...]
</properties>
  <testcase name="saveSchema_generatesRandomInitialValuesWhenAbsent(Path)" classname="com.formily.service.SchemaServiceDataStorageTest" time="0.045"/>
  <testcase name="saveSchema_persistsInitialValuesToResourcesData_andStripsFromSchemaFile(Path)" classname="com.formily.service.SchemaServiceDataStorageTest" time="0.005"/>
  <testcase name="getSchemaById_migratesInitialValuesFromLegacySchemaFileIntoDataFile(Path)" classname="com.formily.service.SchemaServiceDataStorageTest" time="0.006"/>
  <testcase name="createSchema_fillsBlankInitialValues(Path)" classname="com.formily.service.SchemaServiceDataStorageTest" time="0.003"/>
</testsuite>